MPASM  5.45              MOTION PIC16F676.ASM   11-14-2016  3:25:03         PAGE  1


LOC  OBJECT CODE     LINE SOURCE TEXT
  VALUE

                      00001 
                      00002  
                      00003                 list p = PIC16F676
                      00004                 #include <P16F676.inc>
                      00001         LIST
                      00002 
                      00003 ;==========================================================================
                      00004 ;  MPASM PIC16F676 processor include
                      00005 ; 
                      00006 ;  (c) Copyright 1999-2012 Microchip Technology, All rights reserved
                      00007 ;==========================================================================
                      00008 
                      00388         LIST
                      00005                 errorlevel -302                                 ; do not print message for operands that
                             are not in bank 0
2007   3F81           00006                 __config  _XT_OSC & _WDT_OFF & _MCLRE_OFF & _PWRTE_ON & _BODEN_OFF
                      00007 ; RAM DECLARATION 
                      00008 
Warning[207]: Found label after column 1. (CNT1)
  00000020            00009  CNT1         EQU           0X20
Warning[207]: Found label after column 1. (CNT2)
  00000021            00010  CNT2         EQU           0X21
Warning[207]: Found label after column 1. (CNT3)
  00000022            00011  CNT3         EQU           0X22
Warning[207]: Found label after column 1. (CNT4)
  00000023            00012  CNT4         EQU           0X23
                      00013 
                      00014 
                      00015          
                      00016 SET_BANK0               MACRO                               ; bank 0 selection macro routin
                      00017                                 bcf             STATUS, RP0             ; cleraing STATUS,RP 0 bit (bit 
                            wise operation)
                      00018                                 ENDM                                ; end macro routine
                      00019 SET_BANK1               MACRO                                                   ; bank 1 selection macro
                             routin
                      00020                                 bsf                     STATUS, RP0             ; set STATUS,RP 0 bit (b
                            it wise operation)
                      00021                                 ENDM                                ; end of macro   
                      00022 
                      00023 
                      00024 ; NEC REMOT LOOP START HEAR 
                      00025 
0000                  00026                         ORG            0x00                       ; page 0 bank0 PC(Program Counter)=0x0
                            0 locatio and proceed to PC+1          
0000   0000           00027                 NOP                                   ; 
0001   2802           00028                         GOTO       START                      ; got0 START sub location to execute next 
                            event
                      00029 ; NEC REMOT LOOP START HEAR 
                      00030 
                      00031  
                      00032        
                      00033 
                      00034         
MPASM  5.45              MOTION PIC16F676.ASM   11-14-2016  3:25:03         PAGE  2


LOC  OBJECT CODE     LINE SOURCE TEXT
  VALUE

0002                  00035 START:
                      00036                 SET_BANK0                                ; page 0 bank 0 
0002   1283               M                                 bcf             STATUS, RP0             ; cleraing STATUS,RP 0 bit (bit 
                            wise operation)
0003   0185           00037                                 CLRF             PORTA                               ; initialize PORTA
0004   0187           00038                 CLRF             PORTC                       ; initialize PORTB
0005   3007           00039                                 MOVLW            0x07                        ; W= 0x07
0006   0099           00040                                 MOVWF            CMCON                           ; turn off the comparat
                            or for PORTA
                      00041                         SET_BANK1                                ; page 0 bank 1
0007   1683               M                                 bsf                     STATUS, RP0             ; set STATUS,RP 0 bit (b
                            it wise operation)
0008   3000           00042                             MOVLW            0x00                        ; W=0x00
0009   0091           00043                 MOVWF        ANSEL
000A   0099           00044                             MOVWF            VRCON                       ; DISABLE VOLTAGE CONTROL MODUL
                            E  
000B   3000           00045                                 MOVLW            b'000000'                       ; RA1 = SDA  RA0= SCL 
000C   0085           00046                                 MOVWF            TRISA                               ; set pins for inpu
                            t or output for I2C bas data line 
000D   3001           00047                 MOVLW            b'000001'                 ; set port b upper bit for spi control lower 
                            bit for button and a am/pm flag 
000E   0087           00048                 MOVWF            TRISC                       ; the input pin should be pull high to inte
                            rnal weak pull ups is active
                      00049                         SET_BANK0                                ; page 0 bank 0 
000F   1283               M                                 bcf             STATUS, RP0             ; cleraing STATUS,RP 0 bit (bit 
                            wise operation)
0010   0185           00050                 CLRF         PORTA
0011   0187           00051                 CLRF         PORTC
                      00052 
0012   2813           00053                 GOTO         MAIN    
                      00054 
0013                  00055 MAIN 
0013   1C07           00056                BTFSS         PORTC,0      ; BIT TEST FILE SKIP IF ZERO
0014   2816           00057                GOTO          BUZZER
0015   2813           00058                GOTO          MAIN
                      00059 
0016                  00060 BUZZER
0016   1607           00061               BSF            PORTC,4      ; SET PORTB,4 PIN HIGH   LED
0017   1587           00062               BSF            PORTC,3      ; BUZZER
0018   202F           00063               CALL           delay_20ms   
0019   1187           00064               BCF            PORTC,3
001A   1207           00065               BCF            PORTC,4
001B   1807           00066               BTFSC          PORTC,0
001C   2813           00067               GOTO           MAIN               
001D   2816           00068               GOTO           BUZZER 
                      00069 
                      00070 
                      00071                     
                      00072 ; delay routins for basic purpose                          
001E   3001           00073 DELAY1252:              MOVLW    .1                                     ; 1
001F   00A0           00074                                 MOVWF    CNT1                           ; 1
0020   3005           00075 REP_1:                  MOVLW    .5
0021   00A1           00076                                 MOVWF    CNT2                           ; 1
MPASM  5.45              MOTION PIC16F676.ASM   11-14-2016  3:25:03         PAGE  3


LOC  OBJECT CODE     LINE SOURCE TEXT
  VALUE

0022   3051           00077 REP_2:          MOVLW    .81
0023   00A2           00078                                 MOVWF    CNT3                           ; 1
0024   0BA2           00079 REP_3:          DECFSZ   CNT3,F                         ; 1/2
0025   2824           00080                                 GOTO     REP_3                          ; 2
0026   0BA1           00081                                 DECFSZ   CNT2,F                         ; 1/2
0027   2822           00082                                 GOTO     REP_2                          ; 2
0028   0BA0           00083                                 DECFSZ   CNT1,F                         ; 1/2
0029   2820           00084                                 GOTO     REP_1                          ; 2
002A   282B           00085                                 GOTO     $+1    
002B   282C           00086                                 GOTO     $+1    
002C   282D           00087                                 GOTO     $+1    
002D   282E           00088                                 GOTO     $+1    
002E   0008           00089                                 RETURN                                          ; 2
                      00090 
002F                  00091 delay_20ms      
002F   201E           00092                         call     DELAY1252 
0030   201E           00093                         call     DELAY1252 
0031   201E           00094                         call     DELAY1252 
0032   201E           00095                         call     DELAY1252 
0033   201E           00096                         call     DELAY1252 
0034   201E           00097                         call     DELAY1252 
0035   201E           00098                         call     DELAY1252 
0036   201E           00099                                 call     DELAY1252 
0037   201E           00100                                 call     DELAY1252 
0038   201E           00101                                 call     DELAY1252 
0039   201E           00102                         call     DELAY1252 
003A   201E           00103                         call     DELAY1252 
003B   201E           00104                         call     DELAY1252 
003C   201E           00105                         call     DELAY1252 
003D   201E           00106                         call     DELAY1252 
003E   201E           00107                         call     DELAY1252 
003F   201E           00108                         call     DELAY1252 
0040   201E           00109                                 call     DELAY1252 
0041   201E           00110                                 call     DELAY1252 
0042   201E           00111                                 call     DELAY1252 
0043   201E           00112                         call     DELAY1252 
0044   201E           00113                         call     DELAY1252 
0045   201E           00114                         call     DELAY1252 
0046   201E           00115                         call     DELAY1252 
0047   201E           00116                         call     DELAY1252 
0048   201E           00117                         call     DELAY1252 
0049   201E           00118                         call     DELAY1252 
004A   201E           00119                                 call     DELAY1252 
004B   201E           00120                                 call     DELAY1252 
004C   201E           00121                                 call     DELAY1252 
004D   201E           00122                         call     DELAY1252 
004E   201E           00123                         call     DELAY1252 
004F   201E           00124                         call     DELAY1252 
0050   201E           00125                         call     DELAY1252 
0051   201E           00126                         call     DELAY1252 
0052   201E           00127                         call     DELAY1252 
0053   201E           00128                         call     DELAY1252 
0054   201E           00129                                 call     DELAY1252 
MPASM  5.45              MOTION PIC16F676.ASM   11-14-2016  3:25:03         PAGE  4


LOC  OBJECT CODE     LINE SOURCE TEXT
  VALUE

0055   201E           00130                                 call     DELAY1252 
0056   201E           00131                                 call     DELAY1252 
0057   201E           00132                         call     DELAY1252 
0058   201E           00133                         call     DELAY1252 
0059   201E           00134                         call     DELAY1252 
005A   201E           00135                         call     DELAY1252 
005B   201E           00136                         call     DELAY1252 
005C   201E           00137                         call     DELAY1252 
005D   201E           00138                         call     DELAY1252 
005E   201E           00139                                 call     DELAY1252 
005F   201E           00140                                 call     DELAY1252 
0060   201E           00141                                 call     DELAY1252 
                      00142 
0061   0008           00143                         return  
                      00144 
                      00145 
                      00146 
                      00147 
Warning[205]: Found directive in column 1. (end)
                      00148 end
MPASM  5.45              MOTION PIC16F676.ASM   11-14-2016  3:25:03         PAGE  5


SYMBOL TABLE
  LABEL                             VALUE 

ADCON0                            0000001F
ADCON1                            0000009F
ADCS0                             00000004
ADCS1                             00000005
ADCS2                             00000006
ADFM                              00000007
ADIE                              00000006
ADIF                              00000006
ADON                              00000000
ADRESH                            0000001E
ADRESL                            0000009E
ANS0                              00000000
ANS1                              00000001
ANS2                              00000002
ANS3                              00000003
ANS4                              00000004
ANS5                              00000005
ANS6                              00000006
ANS7                              00000007
ANSEL                             00000091
BUZZER                            00000016
C                                 00000000
CAL0                              00000002
CAL1                              00000003
CAL2                              00000004
CAL3                              00000005
CAL4                              00000006
CAL5                              00000007
CHS0                              00000002
CHS1                              00000003
CHS2                              00000004
CINV                              00000004
CIS                               00000003
CM0                               00000000
CM1                               00000001
CM2                               00000002
CMCON                             00000019
CMIE                              00000003
CMIF                              00000003
CNT1                              00000020
CNT2                              00000021
CNT3                              00000022
CNT4                              00000023
COUT                              00000006
DC                                00000001
DELAY1252                         0000001E
EEADR                             0000009B
EECON1                            0000009C
EECON2                            0000009D
EEDAT                             0000009A
EEDATA                            0000009A
EEIE                              00000007
EEIF                              00000007
MPASM  5.45              MOTION PIC16F676.ASM   11-14-2016  3:25:03         PAGE  6


SYMBOL TABLE
  LABEL                             VALUE 

F                                 00000001
FSR                               00000004
GIE                               00000007
GO                                00000001
GO_DONE                           00000001
GO_NOT_DONE                       00000001
INDF                              00000000
INTCON                            0000000B
INTE                              00000004
INTEDG                            00000006
INTF                              00000001
IOC                               00000096
IOCA                              00000096
IOCA0                             00000000
IOCA1                             00000001
IOCA2                             00000002
IOCA3                             00000003
IOCA4                             00000004
IOCA5                             00000005
IRP                               00000007
MAIN                              00000013
NOT_BOD                           00000000
NOT_BOR                           00000000
NOT_DONE                          00000001
NOT_GPPU                          00000007
NOT_PD                            00000003
NOT_POR                           00000001
NOT_RAPU                          00000007
NOT_T1SYNC                        00000002
NOT_TO                            00000004
OPTION_REG                        00000081
OSCCAL                            00000090
PCL                               00000002
PCLATH                            0000000A
PCON                              0000008E
PEIE                              00000006
PIE1                              0000008C
PIR1                              0000000C
PORTA                             00000005
PORTC                             00000007
PS0                               00000000
PS1                               00000001
PS2                               00000002
PSA                               00000003
RA0                               00000000
RA1                               00000001
RA2                               00000002
RA3                               00000003
RA4                               00000004
RA5                               00000005
RAIE                              00000003
RAIF                              00000000
RC0                               00000000
MPASM  5.45              MOTION PIC16F676.ASM   11-14-2016  3:25:03         PAGE  7


SYMBOL TABLE
  LABEL                             VALUE 

RC1                               00000001
RC2                               00000002
RC3                               00000003
RC4                               00000004
RC5                               00000005
RD                                00000000
REP_1                             00000020
REP_2                             00000022
REP_3                             00000024
RP0                               00000005
RP1                               00000006
SET_BANK0                         
SET_BANK1                         
START                             00000002
STATUS                            00000003
T0CS                              00000005
T0IE                              00000005
T0IF                              00000002
T0SE                              00000004
T1CKPS0                           00000004
T1CKPS1                           00000005
T1CON                             00000010
T1IE                              00000000
T1IF                              00000000
T1OSCEN                           00000003
TMR0                              00000001
TMR0IE                            00000005
TMR0IF                            00000002
TMR1                              0000000E
TMR1CS                            00000001
TMR1GE                            00000006
TMR1H                             0000000F
TMR1IE                            00000000
TMR1IF                            00000000
TMR1L                             0000000E
TMR1ON                            00000000
TRISA                             00000085
TRISA0                            00000000
TRISA1                            00000001
TRISA2                            00000002
TRISA3                            00000003
TRISA4                            00000004
TRISA5                            00000005
TRISC                             00000087
TRISC0                            00000000
TRISC1                            00000001
TRISC2                            00000002
TRISC3                            00000003
TRISC4                            00000004
TRISC5                            00000005
VCFG                              00000006
VR0                               00000000
VR1                               00000001
MPASM  5.45              MOTION PIC16F676.ASM   11-14-2016  3:25:03         PAGE  8


SYMBOL TABLE
  LABEL                             VALUE 

VR2                               00000002
VR3                               00000003
VRCON                             00000099
VREN                              00000007
VRR                               00000005
W                                 00000000
WPU                               00000095
WPUA                              00000095
WPUA0                             00000000
WPUA1                             00000001
WPUA2                             00000002
WPUA4                             00000004
WPUA5                             00000005
WR                                00000001
WREN                              00000002
WRERR                             00000003
Z                                 00000002
_BODEN                            00003FFF
_BODEN_OFF                        00003FBF
_BOREN_OFF                        00003FBF
_BOREN_ON                         00003FFF
_CONFIG                           00002007
_CP                               00003F7F
_CPD                              00003EFF
_CPD_OFF                          00003FFF
_CPD_ON                           00003EFF
_CP_OFF                           00003FFF
_CP_ON                            00003F7F
_DEVID1                           00002006
_EC_OSC                           00003FFB
_EXTRC_OSC_CLKOUT                 00003FFF
_EXTRC_OSC_NOCLKOUT               00003FFE
_FOSC_EC                          00003FFB
_FOSC_EXTRCCLK                    00003FFF
_FOSC_EXTRCIO                     00003FFE
_FOSC_HS                          00003FFA
_FOSC_INTRCCLK                    00003FFD
_FOSC_INTRCIO                     00003FFC
_FOSC_LP                          00003FF8
_FOSC_XT                          00003FF9
_HS_OSC                           00003FFA
_IDLOC0                           00002000
_IDLOC1                           00002001
_IDLOC2                           00002002
_IDLOC3                           00002003
_INTRC_OSC_CLKOUT                 00003FFD
_INTRC_OSC_NOCLKOUT               00003FFC
_LP_OSC                           00003FF8
_MCLRE_OFF                        00003FDF
_MCLRE_ON                         00003FFF
_PWRTE_OFF                        00003FFF
_PWRTE_ON                         00003FEF
_WDTE_OFF                         00003FF7
MPASM  5.45              MOTION PIC16F676.ASM   11-14-2016  3:25:03         PAGE  9


SYMBOL TABLE
  LABEL                             VALUE 

_WDTE_ON                          00003FFF
_WDT_OFF                          00003FF7
_WDT_ON                           00003FFF
_XT_OSC                           00003FF9
__16F676                          00000001
__DEBUG                           1
delay_20ms                        0000002F


MEMORY USAGE MAP ('X' = Used,  '-' = Unused)

0000 : XXXXXXXXXXXXXXXX XXXXXXXXXXXXXXXX XXXXXXXXXXXXXXXX XXXXXXXXXXXXXXXX
0040 : XXXXXXXXXXXXXXXX XXXXXXXXXXXXXXXX XX-------------- ----------------
2000 : -------X-------- ---------------- ---------------- ----------------

All other memory blocks unused.

Program Memory Words Used:    98
Program Memory Words Free:   926


Errors   :     0
Warnings :     5 reported,     0 suppressed
Messages :     0 reported,     4 suppressed

